Determining if the pthread_create exist failed with the following output:
Change Dir: /home/aluno/catkin_ws/build/CMakeFiles/CMakeTmp

Run Build Command:/usr/bin/make "cmTryCompileExec760741493/fast"
/usr/bin/make -f CMakeFiles/cmTryCompileExec760741493.dir/build.make CMakeFiles/cmTryCompileExec760741493.dir/build
make[1]: Entering directory `/home/aluno/catkin_ws/build/CMakeFiles/CMakeTmp'
/usr/bin/cmake -E cmake_progress_report /home/aluno/catkin_ws/build/CMakeFiles/CMakeTmp/CMakeFiles 1
Building C object CMakeFiles/cmTryCompileExec760741493.dir/CheckSymbolExists.c.o
/usr/bin/cc    -o CMakeFiles/cmTryCompileExec760741493.dir/CheckSymbolExists.c.o   -c /home/aluno/catkin_ws/build/CMakeFiles/CMakeTmp/CheckSymbolExists.c
Linking C executable cmTryCompileExec760741493
/usr/bin/cmake -E cmake_link_script CMakeFiles/cmTryCompileExec760741493.dir/link.txt --verbose=1
/usr/bin/cc       CMakeFiles/cmTryCompileExec760741493.dir/CheckSymbolExists.c.o  -o cmTryCompileExec760741493 -rdynamic 
CMakeFiles/cmTryCompileExec760741493.dir/CheckSymbolExists.c.o: In function `main':
CheckSymbolExists.c:(.text+0x16): undefined reference to `pthread_create'
collect2: error: ld returned 1 exit status
make[1]: Leaving directory `/home/aluno/catkin_ws/build/CMakeFiles/CMakeTmp'
make[1]: *** [cmTryCompileExec760741493] Error 1
make: *** [cmTryCompileExec760741493/fast] Error 2

File /home/aluno/catkin_ws/build/CMakeFiles/CMakeTmp/CheckSymbolExists.c:
/* */
#include <pthread.h>

int main(int argc, char** argv)
{
  (void)argv;
#ifndef pthread_create
  return ((int*)(&pthread_create))[argc];
#else
  (void)argc;
  return 0;
#endif
}

Determining if the function pthread_create exists in the pthreads failed with the following output:
Change Dir: /home/aluno/catkin_ws/build/CMakeFiles/CMakeTmp

Run Build Command:/usr/bin/make "cmTryCompileExec163119352/fast"
/usr/bin/make -f CMakeFiles/cmTryCompileExec163119352.dir/build.make CMakeFiles/cmTryCompileExec163119352.dir/build
make[1]: Entering directory `/home/aluno/catkin_ws/build/CMakeFiles/CMakeTmp'
/usr/bin/cmake -E cmake_progress_report /home/aluno/catkin_ws/build/CMakeFiles/CMakeTmp/CMakeFiles 1
Building C object CMakeFiles/cmTryCompileExec163119352.dir/CheckFunctionExists.c.o
/usr/bin/cc   -DCHECK_FUNCTION_EXISTS=pthread_create   -o CMakeFiles/cmTryCompileExec163119352.dir/CheckFunctionExists.c.o   -c /usr/share/cmake-2.8/Modules/CheckFunctionExists.c
Linking C executable cmTryCompileExec163119352
/usr/bin/cmake -E cmake_link_script CMakeFiles/cmTryCompileExec163119352.dir/link.txt --verbose=1
/usr/bin/cc   -DCHECK_FUNCTION_EXISTS=pthread_create    CMakeFiles/cmTryCompileExec163119352.dir/CheckFunctionExists.c.o  -o cmTryCompileExec163119352 -rdynamic -lpthreads 
/usr/bin/ld: cannot find -lpthreads
collect2: error: ld returned 1 exit status
make[1]: *** [cmTryCompileExec163119352] Error 1
make[1]: Leaving directory `/home/aluno/catkin_ws/build/CMakeFiles/CMakeTmp'
make: *** [cmTryCompileExec163119352/fast] Error 2


